<?xml version="1.0" encoding="UTF-8"?>
<testng-results skipped="0" failed="1" total="1" passed="0">
  <reporter-output>
  </reporter-output>
  <suite name="Default suite" duration-ms="7970" started-at="2019-07-20T14:24:48Z" finished-at="2019-07-20T14:24:56Z">
    <groups>
    </groups>
    <test name="Default test" duration-ms="7970" started-at="2019-07-20T14:24:48Z" finished-at="2019-07-20T14:24:56Z">
      <class name="com.absoft.tests.HomePageTest">
        <test-method status="PASS" signature="testSetup()[pri:0, instance:com.absoft.tests.HomePageTest@64c64813]" name="testSetup" is-config="true" duration-ms="7174" started-at="2019-07-20T09:24:49Z" finished-at="2019-07-20T09:24:56Z">
          <reporter-output>
          </reporter-output>
        </test-method> <!-- testSetup -->
        <test-method status="FAIL" signature="PageTitle()[pri:0, instance:com.absoft.tests.HomePageTest@64c64813]" name="PageTitle" duration-ms="40" started-at="2019-07-20T09:24:56Z" finished-at="2019-07-20T09:24:56Z">
          <exception class="java.lang.AssertionError">
            <message>
              <![CDATA[Error: Page Title is incorrect expected [My Account | ABSoft Trainings – E-Commerce test web site] but found [ABSoft Trainings – E-Commerce test web site | Home Page]]]>
            </message>
            <full-stacktrace>
              <![CDATA[java.lang.AssertionError: Error: Page Title is incorrect expected [My Account | ABSoft Trainings – E-Commerce test web site] but found [ABSoft Trainings – E-Commerce test web site | Home Page]
	at org.testng.Assert.fail(Assert.java:94)
	at org.testng.Assert.failNotEquals(Assert.java:513)
	at org.testng.Assert.assertEqualsImpl(Assert.java:135)
	at org.testng.Assert.assertEquals(Assert.java:116)
	at org.testng.Assert.assertEquals(Assert.java:190)
	at com.absoft.tests.HomePageTest.PageTitle(HomePageTest.java:40)
	at sun.reflect.NativeMethodAccessorImpl.invoke0(Native Method)
	at sun.reflect.NativeMethodAccessorImpl.invoke(NativeMethodAccessorImpl.java:62)
	at sun.reflect.DelegatingMethodAccessorImpl.invoke(DelegatingMethodAccessorImpl.java:43)
	at java.lang.reflect.Method.invoke(Method.java:498)
	at org.testng.internal.MethodInvocationHelper.invokeMethod(MethodInvocationHelper.java:86)
	at org.testng.internal.Invoker.invokeMethod(Invoker.java:645)
	at org.testng.internal.Invoker.invokeTestMethod(Invoker.java:822)
	at org.testng.internal.Invoker.invokeTestMethods(Invoker.java:1130)
	at org.testng.internal.TestMethodWorker.invokeTestMethods(TestMethodWorker.java:129)
	at org.testng.internal.TestMethodWorker.run(TestMethodWorker.java:112)
	at org.testng.TestRunner.privateRun(TestRunner.java:782)
	at org.testng.TestRunner.run(TestRunner.java:632)
	at org.testng.SuiteRunner.runTest(SuiteRunner.java:366)
	at org.testng.SuiteRunner.runSequentially(SuiteRunner.java:361)
	at org.testng.SuiteRunner.privateRun(SuiteRunner.java:319)
	at org.testng.SuiteRunner.run(SuiteRunner.java:268)
	at org.testng.SuiteRunnerWorker.runSuite(SuiteRunnerWorker.java:52)
	at org.testng.SuiteRunnerWorker.run(SuiteRunnerWorker.java:86)
	at org.testng.TestNG.runSuitesSequentially(TestNG.java:1244)
	at org.testng.TestNG.runSuitesLocally(TestNG.java:1169)
	at org.testng.TestNG.run(TestNG.java:1064)
	at org.testng.remote.RemoteTestNG.run(RemoteTestNG.java:113)
	at org.testng.remote.RemoteTestNG.initAndRun(RemoteTestNG.java:206)
	at org.testng.remote.RemoteTestNG.main(RemoteTestNG.java:177)
]]>
            </full-stacktrace>
          </exception> <!-- java.lang.AssertionError -->
          <reporter-output>
          </reporter-output>
        </test-method> <!-- PageTitle -->
        <test-method status="PASS" signature="testCleanup()[pri:0, instance:com.absoft.tests.HomePageTest@64c64813]" name="testCleanup" is-config="true" duration-ms="704" started-at="2019-07-20T09:24:56Z" finished-at="2019-07-20T09:24:56Z">
          <reporter-output>
          </reporter-output>
        </test-method> <!-- testCleanup -->
      </class> <!-- com.absoft.tests.HomePageTest -->
    </test> <!-- Default test -->
  </suite> <!-- Default suite -->
</testng-results>
